<?xml version="1.0" encoding="UTF-8"?>
<testng-results ignored="0" total="1" passed="1" failed="0" skipped="0">
  <reporter-output>
  </reporter-output>
  <suite started-at="2024-03-28T16:48:26 IST" name="Surefire suite" finished-at="2024-03-28T16:48:32 IST" duration-ms="5694">
    <groups>
    </groups>
    <test started-at="2024-03-28T16:48:26 IST" name="Surefire test" finished-at="2024-03-28T16:48:32 IST" duration-ms="5694">
      <class name="practiceWithJava.ShopNowTest">
        <test-method is-config="true" signature="setUp()[pri:0, instance:practiceWithJava.ShopNowTest@4f67eb2a]" started-at="2024-03-28T16:48:26 IST" name="setUp" finished-at="2024-03-28T16:48:30 IST" duration-ms="3315" status="PASS">
          <reporter-output>
          </reporter-output>
        </test-method> <!-- setUp -->
        <test-method signature="verifyHomePage()[pri:0, instance:practiceWithJava.ShopNowTest@4f67eb2a]" started-at="2024-03-28T16:48:30 IST" name="verifyHomePage" finished-at="2024-03-28T16:48:32 IST" duration-ms="2325" status="PASS">
          <reporter-output>
          </reporter-output>
        </test-method> <!-- verifyHomePage -->
      </class> <!-- practiceWithJava.ShopNowTest -->
    </test> <!-- Surefire test -->
  </suite> <!-- Surefire suite -->
</testng-results>
