<?xml version="1.0" encoding="UTF-8"?>
<testng-results ignored="0" total="2" passed="2" failed="0" skipped="0">
  <reporter-output>
  </reporter-output>
  <suite started-at="2024-03-28T18:37:21 IST" name="Default suite" finished-at="2024-03-28T18:38:02 IST" duration-ms="41513">
    <groups>
    </groups>
    <test started-at="2024-03-28T18:37:21 IST" name="Default test" finished-at="2024-03-28T18:38:02 IST" duration-ms="41513">
      <class name="practiceWithJava.ShopNowTest">
        <test-method is-config="true" signature="setUp()[pri:0, instance:practiceWithJava.ShopNowTest@750e2b97]" started-at="2024-03-28T18:37:21 IST" name="setUp" finished-at="2024-03-28T18:37:26 IST" duration-ms="5511" status="PASS">
          <reporter-output>
          </reporter-output>
        </test-method> <!-- setUp -->
        <test-method signature="searchAndAddToCart()[pri:0, instance:practiceWithJava.ShopNowTest@750e2b97]" started-at="2024-03-28T18:37:26 IST" name="searchAndAddToCart" finished-at="2024-03-28T18:37:58 IST" duration-ms="31846" status="PASS">
          <reporter-output>
          </reporter-output>
        </test-method> <!-- searchAndAddToCart -->
        <test-method is-config="true" signature="setUp()[pri:0, instance:practiceWithJava.ShopNowTest@750e2b97]" started-at="2024-03-28T18:37:58 IST" name="setUp" finished-at="2024-03-28T18:38:02 IST" duration-ms="3978" status="PASS">
          <reporter-output>
          </reporter-output>
        </test-method> <!-- setUp -->
        <test-method signature="verifyHomePage()[pri:0, instance:practiceWithJava.ShopNowTest@750e2b97]" started-at="2024-03-28T18:38:02 IST" name="verifyHomePage" finished-at="2024-03-28T18:38:02 IST" duration-ms="88" status="PASS">
          <reporter-output>
          </reporter-output>
        </test-method> <!-- verifyHomePage -->
      </class> <!-- practiceWithJava.ShopNowTest -->
    </test> <!-- Default test -->
  </suite> <!-- Default suite -->
</testng-results>
